<?xml version="1.0" encoding="UTF-8"?>
<!-- Generated by org.testng.reporters.JUnitXMLReporter -->
<testsuite ignored="1" hostname="DESKTOP-MT2VN0S" failures="1" tests="5" name="Test" time="132.796" errors="0" timestamp="2022-06-30T15:49:37 IST">
  <testcase classname="testCases.TC4_VerifyFlightsListed" name="selectTravelType" time="0.683"/>
  <testcase classname="testCases.TC4_VerifyFlightsListed" name="userEnterTravelDetails" time="3.783"/>
  <testcase classname="testCases.TC4_VerifyFlightsListed" name="clickFindFlights" time="10.74"/>
  <testcase classname="testCases.TC4_VerifyFlightsListed" name="verifyFlightsListed" time="30.502">
    <failure type="java.lang.AssertionError" message="flights are not listing as expected expected [true] but found [false]">
      <![CDATA[java.lang.AssertionError: flights are not listing as expected expected [true] but found [false]
at testCases.TC4_VerifyFlightsListed.verifyFlightsListed(TC4_VerifyFlightsListed.java:48)
at java.base/java.util.ArrayList.forEach(ArrayList.java:1511)
... Removed 28 stack frames]]>
    </failure>
  </testcase> <!-- verifyFlightsListed -->
  <testcase classname="testCases.TC5_VerifyOneWay" name="verify" time="0.2"/>
  <testcase classname="baseClass.BaseClass" name="@BeforeSuite reportSetUp" time="0.0">
    <ignored/>
  </testcase> <!-- @BeforeSuite reportSetUp -->
</testsuite> <!-- Test -->
